<?xml version="1.0" encoding="UTF-8"?>
<!-- Generated by org.testng.reporters.JUnitReportReporter -->
<testsuite hostname="DESKTOP-8EO4EGT" failures="0" tests="2" name="TestRunner.Run" time="38.514" errors="0" timestamp="2023-03-03T14:40:16 IST" skipped="0">
  <testcase classname="TestRunner.Run" name="runScenario" time="25.542"/>
  <system-out/>
  <testcase classname="TestRunner.Run" name="runScenario" time="12.972"/>
  <system-out/>
</testsuite> <!-- TestRunner.Run -->
